<?xml version="1.0" encoding="UTF-8"?>
<!-- Generated by org.testng.reporters.JUnitReportReporter -->
<testsuite skipped="0" hostname="DESKTOP-5IBKFPL" name="com.testData.GoogleTest" tests="1" failures="0" timestamp="05 Oct 2020 09:29:27 GMT" time="0.022" errors="0">
  <testcase name="f" time="0.022" classname="com.testData.GoogleTest"/>
</testsuite> <!-- com.testData.GoogleTest -->
